C51 COMPILER V9.01   DISPLAY                                                               11/30/2018 14:37:28 PAGE 1   


C51 COMPILER V9.01, COMPILATION OF MODULE DISPLAY
OBJECT MODULE PLACED IN display.OBJ
COMPILER INVOKED BY: C:\Keil\C51\BIN\C51.EXE display.c BROWSE DEBUG OBJECTEXTEND

line level    source

   1          #include "display.h"
   2          #include <reg51.h>
   3          #include "main.h"
   4          
   5          sbit w1 = P2^0;
   6          sbit w2 = P2^1;
   7          
   8          uchar code Tab[]={0x3F,0x06,0x5B,0x4F,0x66,0x6D,0x7D,0x07,0x7F,0x6F};
   9          
  10          
  11          void display(uchar value)
  12          {
  13   1              w1 = 0;
  14   1              P1 = Tab[value/10];   
  15   1              delay(1);
  16   1              w1 = 1;
  17   1              P1 = 0;
  18   1              delay(1);
  19   1              w2 = 0;
  20   1              P1 = Tab[value%10];
  21   1              delay(1);
  22   1              w2 = 1;
  23   1              P1 = 0;
  24   1              delay(1);
  25   1              
  26   1      }


MODULE INFORMATION:   STATIC OVERLAYABLE
   CODE SIZE        =     68    ----
   CONSTANT SIZE    =     10    ----
   XDATA SIZE       =   ----    ----
   PDATA SIZE       =   ----    ----
   DATA SIZE        =   ----       1
   IDATA SIZE       =   ----    ----
   BIT SIZE         =   ----    ----
END OF MODULE INFORMATION.


C51 COMPILATION COMPLETE.  0 WARNING(S),  0 ERROR(S)
